INFO:     Started server process [24016]
INFO:     Waiting for application startup.
INFO:     Application startup complete.
INFO:     Uvicorn running on http://0.0.0.0:8010 (Press CTRL+C to quit)
2026-04-12 11:19:43,440 INFO office_automation.orchestration Creating execution log | context={'user_email': 'triage-e2e-648a56f2b302437bb2c6755943f21142@example.com', 'module': 'triage', 'status': 'created'}
2026-04-12 11:19:43,485 INFO office_automation.orchestration Execution log created | context={'request_id': '8e62a8ca-8588-4168-9eae-c7642f6a3496', 'module': 'triage'}
2026-04-12 11:19:43,488 INFO office_automation.orchestration Updating execution log | context={'request_id': '8e62a8ca-8588-4168-9eae-c7642f6a3496', 'status': 'triggering', 'output_summary_included': True, 'input_payload_included': False}
2026-04-12 11:19:43,789 INFO office_automation.orchestration Calling external HTTP endpoint | context={'url': 'http://localhost:5678/webhook/execute-workflow', 'attempt': 1}
2026-04-12 11:19:44,292 INFO httpx HTTP Request: POST http://localhost:5678/webhook/execute-workflow "HTTP/1.1 200 OK"
2026-04-12 11:19:44,295 INFO office_automation.orchestration External HTTP call succeeded | context={'url': 'http://localhost:5678/webhook/execute-workflow', 'attempt': 1, 'status_code': 200}
2026-04-12 11:19:44,297 INFO office_automation.orchestration Updating execution log | context={'request_id': '8e62a8ca-8588-4168-9eae-c7642f6a3496', 'status': 'running', 'output_summary_included': True, 'input_payload_included': False}
2026-04-12 11:19:44,722 INFO office_automation.orchestration Updating execution log | context={'request_id': '8e62a8ca-8588-4168-9eae-c7642f6a3496', 'status': 'ranked', 'output_summary_included': True, 'input_payload_included': False}
2026-04-12 11:25:17,162 INFO office_automation.orchestration Creating execution log | context={'user_email': 'triage-final-fe06a183a97743b2a19bd7eba542359d@example.com', 'module': 'triage', 'status': 'created'}
2026-04-12 11:25:17,212 INFO office_automation.orchestration Execution log created | context={'request_id': 'cd0df6e8-e46b-444a-a8e4-ca32cc47c61e', 'module': 'triage'}
2026-04-12 11:25:17,213 INFO office_automation.orchestration Updating execution log | context={'request_id': 'cd0df6e8-e46b-444a-a8e4-ca32cc47c61e', 'status': 'triggering', 'output_summary_included': True, 'input_payload_included': False}
2026-04-12 11:25:17,309 INFO office_automation.orchestration Calling external HTTP endpoint | context={'url': 'http://localhost:5678/webhook/execute-workflow', 'attempt': 1}
2026-04-12 11:25:17,490 INFO httpx HTTP Request: POST http://localhost:5678/webhook/execute-workflow "HTTP/1.1 200 OK"
2026-04-12 11:25:17,492 INFO office_automation.orchestration External HTTP call succeeded | context={'url': 'http://localhost:5678/webhook/execute-workflow', 'attempt': 1, 'status_code': 200}
2026-04-12 11:25:17,493 INFO office_automation.orchestration Updating execution log | context={'request_id': 'cd0df6e8-e46b-444a-a8e4-ca32cc47c61e', 'status': 'running', 'output_summary_included': True, 'input_payload_included': False}
2026-04-12 11:25:17,549 INFO office_automation.orchestration Updating execution log | context={'request_id': 'cd0df6e8-e46b-444a-a8e4-ca32cc47c61e', 'status': 'ranked', 'output_summary_included': True, 'input_payload_included': False}
2026-04-12 11:26:16,473 INFO office_automation.orchestration Updating execution log | context={'request_id': 'cd0df6e8-e46b-444a-a8e4-ca32cc47c61e', 'status': 'ranked', 'output_summary_included': True, 'input_payload_included': False}
2026-04-12 11:27:06,281 INFO office_automation.orchestration Creating execution log | context={'user_email': 'triage-20-eee70555fcce478b9122d6f6cafbaa7d@example.com', 'module': 'triage', 'status': 'created'}
2026-04-12 11:27:06,324 INFO office_automation.orchestration Execution log created | context={'request_id': '17eabeff-1be6-4502-b19c-d9d5030ffdea', 'module': 'triage'}
2026-04-12 11:27:06,326 INFO office_automation.orchestration Updating execution log | context={'request_id': '17eabeff-1be6-4502-b19c-d9d5030ffdea', 'status': 'triggering', 'output_summary_included': True, 'input_payload_included': False}
2026-04-12 11:27:06,383 INFO office_automation.orchestration Calling external HTTP endpoint | context={'url': 'http://localhost:5678/webhook/execute-workflow', 'attempt': 1}
2026-04-12 11:27:06,492 INFO httpx HTTP Request: POST http://localhost:5678/webhook/execute-workflow "HTTP/1.1 200 OK"
2026-04-12 11:27:06,494 INFO office_automation.orchestration External HTTP call succeeded | context={'url': 'http://localhost:5678/webhook/execute-workflow', 'attempt': 1, 'status_code': 200}
2026-04-12 11:27:06,496 INFO office_automation.orchestration Updating execution log | context={'request_id': '17eabeff-1be6-4502-b19c-d9d5030ffdea', 'status': 'running', 'output_summary_included': True, 'input_payload_included': False}
2026-04-12 11:27:06,570 INFO office_automation.orchestration Updating execution log | context={'request_id': '17eabeff-1be6-4502-b19c-d9d5030ffdea', 'status': 'ranked', 'output_summary_included': True, 'input_payload_included': False}
2026-04-12 11:27:06,746 INFO office_automation.orchestration Creating execution log | context={'user_email': 'triage-20-0e2407e0fabe4ac58d1dfa42f5f3be06@example.com', 'module': 'triage', 'status': 'created'}
2026-04-12 11:27:06,762 INFO office_automation.orchestration Execution log created | context={'request_id': '72e71bc5-e801-495d-8500-8b118b498eb7', 'module': 'triage'}
2026-04-12 11:27:06,763 INFO office_automation.orchestration Updating execution log | context={'request_id': '72e71bc5-e801-495d-8500-8b118b498eb7', 'status': 'triggering', 'output_summary_included': True, 'input_payload_included': False}
2026-04-12 11:27:06,826 INFO office_automation.orchestration Calling external HTTP endpoint | context={'url': 'http://localhost:5678/webhook/execute-workflow', 'attempt': 1}
2026-04-12 11:27:06,970 INFO httpx HTTP Request: POST http://localhost:5678/webhook/execute-workflow "HTTP/1.1 200 OK"
2026-04-12 11:27:06,972 INFO office_automation.orchestration External HTTP call succeeded | context={'url': 'http://localhost:5678/webhook/execute-workflow', 'attempt': 1, 'status_code': 200}
2026-04-12 11:27:06,973 INFO office_automation.orchestration Updating execution log | context={'request_id': '72e71bc5-e801-495d-8500-8b118b498eb7', 'status': 'running', 'output_summary_included': True, 'input_payload_included': False}
2026-04-12 11:27:07,024 INFO office_automation.orchestration Updating execution log | context={'request_id': '72e71bc5-e801-495d-8500-8b118b498eb7', 'status': 'ranked', 'output_summary_included': True, 'input_payload_included': False}
2026-04-12 11:27:07,235 INFO office_automation.orchestration Creating execution log | context={'user_email': 'triage-20-801224c8fd9b49a28e83394c3ea194d9@example.com', 'module': 'triage', 'status': 'created'}
2026-04-12 11:27:07,281 INFO office_automation.orchestration Execution log created | context={'request_id': '25b35092-8465-4a96-bfa7-503700c0cc20', 'module': 'triage'}
2026-04-12 11:27:07,282 INFO office_automation.orchestration Updating execution log | context={'request_id': '25b35092-8465-4a96-bfa7-503700c0cc20', 'status': 'triggering', 'output_summary_included': True, 'input_payload_included': False}
2026-04-12 11:27:07,331 INFO office_automation.orchestration Calling external HTTP endpoint | context={'url': 'http://localhost:5678/webhook/execute-workflow', 'attempt': 1}
2026-04-12 11:27:07,426 INFO httpx HTTP Request: POST http://localhost:5678/webhook/execute-workflow "HTTP/1.1 200 OK"
2026-04-12 11:27:07,428 INFO office_automation.orchestration External HTTP call succeeded | context={'url': 'http://localhost:5678/webhook/execute-workflow', 'attempt': 1, 'status_code': 200}
2026-04-12 11:27:07,430 INFO office_automation.orchestration Updating execution log | context={'request_id': '25b35092-8465-4a96-bfa7-503700c0cc20', 'status': 'running', 'output_summary_included': True, 'input_payload_included': False}
2026-04-12 11:27:07,477 INFO office_automation.orchestration Updating execution log | context={'request_id': '25b35092-8465-4a96-bfa7-503700c0cc20', 'status': 'ranked', 'output_summary_included': True, 'input_payload_included': False}
2026-04-12 11:27:07,665 INFO office_automation.orchestration Creating execution log | context={'user_email': 'triage-20-fd0bc9435c7246c2a1e950c7960063c3@example.com', 'module': 'triage', 'status': 'created'}
2026-04-12 11:27:07,709 INFO office_automation.orchestration Execution log created | context={'request_id': 'ed19a706-d6fd-4030-b851-5f907922b114', 'module': 'triage'}
2026-04-12 11:27:07,710 INFO office_automation.orchestration Updating execution log | context={'request_id': 'ed19a706-d6fd-4030-b851-5f907922b114', 'status': 'triggering', 'output_summary_included': True, 'input_payload_included': False}
2026-04-12 11:27:07,754 INFO office_automation.orchestration Calling external HTTP endpoint | context={'url': 'http://localhost:5678/webhook/execute-workflow', 'attempt': 1}
2026-04-12 11:27:07,831 INFO httpx HTTP Request: POST http://localhost:5678/webhook/execute-workflow "HTTP/1.1 200 OK"
2026-04-12 11:27:07,833 INFO office_automation.orchestration External HTTP call succeeded | context={'url': 'http://localhost:5678/webhook/execute-workflow', 'attempt': 1, 'status_code': 200}
2026-04-12 11:27:07,834 INFO office_automation.orchestration Updating execution log | context={'request_id': 'ed19a706-d6fd-4030-b851-5f907922b114', 'status': 'running', 'output_summary_included': True, 'input_payload_included': False}
2026-04-12 11:27:07,874 INFO office_automation.orchestration Updating execution log | context={'request_id': 'ed19a706-d6fd-4030-b851-5f907922b114', 'status': 'ranked', 'output_summary_included': True, 'input_payload_included': False}
2026-04-12 11:27:08,098 INFO office_automation.orchestration Creating execution log | context={'user_email': 'triage-20-d5689c8641494f60be2dc576270e97ee@example.com', 'module': 'triage', 'status': 'created'}
2026-04-12 11:27:08,143 INFO office_automation.orchestration Execution log created | context={'request_id': '7cbd49a3-b598-49bf-8cd7-ab5bf41d9f29', 'module': 'triage'}
2026-04-12 11:27:08,144 INFO office_automation.orchestration Updating execution log | context={'request_id': '7cbd49a3-b598-49bf-8cd7-ab5bf41d9f29', 'status': 'triggering', 'output_summary_included': True, 'input_payload_included': False}
2026-04-12 11:27:08,199 INFO office_automation.orchestration Calling external HTTP endpoint | context={'url': 'http://localhost:5678/webhook/execute-workflow', 'attempt': 1}
2026-04-12 11:27:08,311 INFO httpx HTTP Request: POST http://localhost:5678/webhook/execute-workflow "HTTP/1.1 200 OK"
2026-04-12 11:27:08,314 INFO office_automation.orchestration External HTTP call succeeded | context={'url': 'http://localhost:5678/webhook/execute-workflow', 'attempt': 1, 'status_code': 200}
2026-04-12 11:27:08,316 INFO office_automation.orchestration Updating execution log | context={'request_id': '7cbd49a3-b598-49bf-8cd7-ab5bf41d9f29', 'status': 'running', 'output_summary_included': True, 'input_payload_included': False}
2026-04-12 11:27:08,354 INFO office_automation.orchestration Updating execution log | context={'request_id': '7cbd49a3-b598-49bf-8cd7-ab5bf41d9f29', 'status': 'ranked', 'output_summary_included': True, 'input_payload_included': False}
2026-04-12 11:27:08,572 INFO office_automation.orchestration Creating execution log | context={'user_email': 'triage-20-12f671d14e3c4e13bf40bd4e0fbd5618@example.com', 'module': 'triage', 'status': 'created'}
2026-04-12 11:27:08,616 INFO office_automation.orchestration Execution log created | context={'request_id': '7d1a3a00-8508-470c-aaab-b5ed32a14483', 'module': 'triage'}
2026-04-12 11:27:08,617 INFO office_automation.orchestration Updating execution log | context={'request_id': '7d1a3a00-8508-470c-aaab-b5ed32a14483', 'status': 'triggering', 'output_summary_included': True, 'input_payload_included': False}
2026-04-12 11:27:08,673 INFO office_automation.orchestration Calling external HTTP endpoint | context={'url': 'http://localhost:5678/webhook/execute-workflow', 'attempt': 1}
2026-04-12 11:27:08,800 INFO httpx HTTP Request: POST http://localhost:5678/webhook/execute-workflow "HTTP/1.1 200 OK"
2026-04-12 11:27:08,801 INFO office_automation.orchestration External HTTP call succeeded | context={'url': 'http://localhost:5678/webhook/execute-workflow', 'attempt': 1, 'status_code': 200}
2026-04-12 11:27:08,802 INFO office_automation.orchestration Updating execution log | context={'request_id': '7d1a3a00-8508-470c-aaab-b5ed32a14483', 'status': 'running', 'output_summary_included': True, 'input_payload_included': False}
2026-04-12 11:27:08,847 INFO office_automation.orchestration Updating execution log | context={'request_id': '7d1a3a00-8508-470c-aaab-b5ed32a14483', 'status': 'ranked', 'output_summary_included': True, 'input_payload_included': False}
2026-04-12 11:27:09,066 INFO office_automation.orchestration Creating execution log | context={'user_email': 'triage-20-c9247a04e384478f97cfa5587b2888bc@example.com', 'module': 'triage', 'status': 'created'}
2026-04-12 11:27:09,083 INFO office_automation.orchestration Execution log created | context={'request_id': '2f972f98-d658-4483-9513-f617d200ae68', 'module': 'triage'}
2026-04-12 11:27:09,084 INFO office_automation.orchestration Updating execution log | context={'request_id': '2f972f98-d658-4483-9513-f617d200ae68', 'status': 'triggering', 'output_summary_included': True, 'input_payload_included': False}
2026-04-12 11:27:09,137 INFO office_automation.orchestration Calling external HTTP endpoint | context={'url': 'http://localhost:5678/webhook/execute-workflow', 'attempt': 1}
2026-04-12 11:27:09,246 INFO httpx HTTP Request: POST http://localhost:5678/webhook/execute-workflow "HTTP/1.1 200 OK"
2026-04-12 11:27:09,249 INFO office_automation.orchestration External HTTP call succeeded | context={'url': 'http://localhost:5678/webhook/execute-workflow', 'attempt': 1, 'status_code': 200}
2026-04-12 11:27:09,250 INFO office_automation.orchestration Updating execution log | context={'request_id': '2f972f98-d658-4483-9513-f617d200ae68', 'status': 'running', 'output_summary_included': True, 'input_payload_included': False}
2026-04-12 11:27:09,296 INFO office_automation.orchestration Updating execution log | context={'request_id': '2f972f98-d658-4483-9513-f617d200ae68', 'status': 'ranked', 'output_summary_included': True, 'input_payload_included': False}
2026-04-12 11:27:09,506 INFO office_automation.orchestration Creating execution log | context={'user_email': 'triage-20-740cf7011c774446bf63e196f845e7e6@example.com', 'module': 'triage', 'status': 'created'}
2026-04-12 11:27:09,552 INFO office_automation.orchestration Execution log created | context={'request_id': '5ab13318-c809-4dd0-a31e-697c5d7fa2f7', 'module': 'triage'}
2026-04-12 11:27:09,556 INFO office_automation.orchestration Updating execution log | context={'request_id': '5ab13318-c809-4dd0-a31e-697c5d7fa2f7', 'status': 'triggering', 'output_summary_included': True, 'input_payload_included': False}
2026-04-12 11:27:09,612 INFO office_automation.orchestration Calling external HTTP endpoint | context={'url': 'http://localhost:5678/webhook/execute-workflow', 'attempt': 1}
2026-04-12 11:27:09,734 INFO httpx HTTP Request: POST http://localhost:5678/webhook/execute-workflow "HTTP/1.1 200 OK"
2026-04-12 11:27:09,736 INFO office_automation.orchestration External HTTP call succeeded | context={'url': 'http://localhost:5678/webhook/execute-workflow', 'attempt': 1, 'status_code': 200}
2026-04-12 11:27:09,738 INFO office_automation.orchestration Updating execution log | context={'request_id': '5ab13318-c809-4dd0-a31e-697c5d7fa2f7', 'status': 'running', 'output_summary_included': True, 'input_payload_included': False}
2026-04-12 11:27:09,778 INFO office_automation.orchestration Updating execution log | context={'request_id': '5ab13318-c809-4dd0-a31e-697c5d7fa2f7', 'status': 'ranked', 'output_summary_included': True, 'input_payload_included': False}
2026-04-12 11:27:10,000 INFO office_automation.orchestration Creating execution log | context={'user_email': 'triage-20-3e5d5aab93b046bdbaaef9408a456caf@example.com', 'module': 'triage', 'status': 'created'}
2026-04-12 11:27:10,044 INFO office_automation.orchestration Execution log created | context={'request_id': '29febd5b-72ce-4c5c-822f-84b42b109fff', 'module': 'triage'}
2026-04-12 11:27:10,045 INFO office_automation.orchestration Updating execution log | context={'request_id': '29febd5b-72ce-4c5c-822f-84b42b109fff', 'status': 'triggering', 'output_summary_included': True, 'input_payload_included': False}
2026-04-12 11:27:10,100 INFO office_automation.orchestration Calling external HTTP endpoint | context={'url': 'http://localhost:5678/webhook/execute-workflow', 'attempt': 1}
2026-04-12 11:27:10,217 INFO httpx HTTP Request: POST http://localhost:5678/webhook/execute-workflow "HTTP/1.1 200 OK"
2026-04-12 11:27:10,218 INFO office_automation.orchestration External HTTP call succeeded | context={'url': 'http://localhost:5678/webhook/execute-workflow', 'attempt': 1, 'status_code': 200}
2026-04-12 11:27:10,220 INFO office_automation.orchestration Updating execution log | context={'request_id': '29febd5b-72ce-4c5c-822f-84b42b109fff', 'status': 'running', 'output_summary_included': True, 'input_payload_included': False}
2026-04-12 11:27:10,268 INFO office_automation.orchestration Updating execution log | context={'request_id': '29febd5b-72ce-4c5c-822f-84b42b109fff', 'status': 'ranked', 'output_summary_included': True, 'input_payload_included': False}
2026-04-12 11:27:10,472 INFO office_automation.orchestration Creating execution log | context={'user_email': 'triage-20-19e03ec80bf3419b8142e9947a175346@example.com', 'module': 'triage', 'status': 'created'}
2026-04-12 11:27:10,517 INFO office_automation.orchestration Execution log created | context={'request_id': '69701cfb-872b-41d8-99db-56b2ff18fb5a', 'module': 'triage'}
2026-04-12 11:27:10,518 INFO office_automation.orchestration Updating execution log | context={'request_id': '69701cfb-872b-41d8-99db-56b2ff18fb5a', 'status': 'triggering', 'output_summary_included': True, 'input_payload_included': False}
2026-04-12 11:27:10,604 INFO office_automation.orchestration Calling external HTTP endpoint | context={'url': 'http://localhost:5678/webhook/execute-workflow', 'attempt': 1}
2026-04-12 11:27:10,683 INFO httpx HTTP Request: POST http://localhost:5678/webhook/execute-workflow "HTTP/1.1 200 OK"
2026-04-12 11:27:10,684 INFO office_automation.orchestration External HTTP call succeeded | context={'url': 'http://localhost:5678/webhook/execute-workflow', 'attempt': 1, 'status_code': 200}
2026-04-12 11:27:10,686 INFO office_automation.orchestration Updating execution log | context={'request_id': '69701cfb-872b-41d8-99db-56b2ff18fb5a', 'status': 'running', 'output_summary_included': True, 'input_payload_included': False}
2026-04-12 11:27:10,729 INFO office_automation.orchestration Updating execution log | context={'request_id': '69701cfb-872b-41d8-99db-56b2ff18fb5a', 'status': 'ranked', 'output_summary_included': True, 'input_payload_included': False}
2026-04-12 11:27:10,930 INFO office_automation.orchestration Creating execution log | context={'user_email': 'triage-20-89b94d17b5544b01a3bfa6c4ff18b987@example.com', 'module': 'triage', 'status': 'created'}
2026-04-12 11:27:10,957 INFO office_automation.orchestration Execution log created | context={'request_id': '4735f98e-a47f-4dd2-abf3-8014faa911d9', 'module': 'triage'}
2026-04-12 11:27:10,958 INFO office_automation.orchestration Updating execution log | context={'request_id': '4735f98e-a47f-4dd2-abf3-8014faa911d9', 'status': 'triggering', 'output_summary_included': True, 'input_payload_included': False}
2026-04-12 11:27:11,017 INFO office_automation.orchestration Calling external HTTP endpoint | context={'url': 'http://localhost:5678/webhook/execute-workflow', 'attempt': 1}
2026-04-12 11:27:11,121 INFO httpx HTTP Request: POST http://localhost:5678/webhook/execute-workflow "HTTP/1.1 200 OK"
2026-04-12 11:27:11,123 INFO office_automation.orchestration External HTTP call succeeded | context={'url': 'http://localhost:5678/webhook/execute-workflow', 'attempt': 1, 'status_code': 200}
2026-04-12 11:27:11,124 INFO office_automation.orchestration Updating execution log | context={'request_id': '4735f98e-a47f-4dd2-abf3-8014faa911d9', 'status': 'running', 'output_summary_included': True, 'input_payload_included': False}
2026-04-12 11:27:11,178 INFO office_automation.orchestration Updating execution log | context={'request_id': '4735f98e-a47f-4dd2-abf3-8014faa911d9', 'status': 'ranked', 'output_summary_included': True, 'input_payload_included': False}
2026-04-12 11:27:11,382 INFO office_automation.orchestration Creating execution log | context={'user_email': 'triage-20-75cffa8ca24142e3a93014436e53d45d@example.com', 'module': 'triage', 'status': 'created'}
2026-04-12 11:27:11,427 INFO office_automation.orchestration Execution log created | context={'request_id': '2ef7da95-875a-46f3-84d3-649cc0c93ea7', 'module': 'triage'}
2026-04-12 11:27:11,429 INFO office_automation.orchestration Updating execution log | context={'request_id': '2ef7da95-875a-46f3-84d3-649cc0c93ea7', 'status': 'triggering', 'output_summary_included': True, 'input_payload_included': False}
2026-04-12 11:27:11,483 INFO office_automation.orchestration Calling external HTTP endpoint | context={'url': 'http://localhost:5678/webhook/execute-workflow', 'attempt': 1}
2026-04-12 11:27:11,583 INFO httpx HTTP Request: POST http://localhost:5678/webhook/execute-workflow "HTTP/1.1 200 OK"
2026-04-12 11:27:11,584 INFO office_automation.orchestration External HTTP call succeeded | context={'url': 'http://localhost:5678/webhook/execute-workflow', 'attempt': 1, 'status_code': 200}
2026-04-12 11:27:11,586 INFO office_automation.orchestration Updating execution log | context={'request_id': '2ef7da95-875a-46f3-84d3-649cc0c93ea7', 'status': 'running', 'output_summary_included': True, 'input_payload_included': False}
2026-04-12 11:27:11,628 INFO office_automation.orchestration Updating execution log | context={'request_id': '2ef7da95-875a-46f3-84d3-649cc0c93ea7', 'status': 'ranked', 'output_summary_included': True, 'input_payload_included': False}
2026-04-12 11:27:11,831 INFO office_automation.orchestration Creating execution log | context={'user_email': 'triage-20-b5cc06a680f2457ea351e8505cefb1bc@example.com', 'module': 'triage', 'status': 'created'}
2026-04-12 11:27:11,846 INFO office_automation.orchestration Execution log created | context={'request_id': '8d20c9a5-2041-4dda-8e5d-16ce7cf64fdf', 'module': 'triage'}
2026-04-12 11:27:11,847 INFO office_automation.orchestration Updating execution log | context={'request_id': '8d20c9a5-2041-4dda-8e5d-16ce7cf64fdf', 'status': 'triggering', 'output_summary_included': True, 'input_payload_included': False}
2026-04-12 11:27:11,900 INFO office_automation.orchestration Calling external HTTP endpoint | context={'url': 'http://localhost:5678/webhook/execute-workflow', 'attempt': 1}
2026-04-12 11:27:12,002 INFO httpx HTTP Request: POST http://localhost:5678/webhook/execute-workflow "HTTP/1.1 200 OK"
2026-04-12 11:27:12,004 INFO office_automation.orchestration External HTTP call succeeded | context={'url': 'http://localhost:5678/webhook/execute-workflow', 'attempt': 1, 'status_code': 200}
2026-04-12 11:27:12,006 INFO office_automation.orchestration Updating execution log | context={'request_id': '8d20c9a5-2041-4dda-8e5d-16ce7cf64fdf', 'status': 'running', 'output_summary_included': True, 'input_payload_included': False}
2026-04-12 11:27:12,040 INFO office_automation.orchestration Updating execution log | context={'request_id': '8d20c9a5-2041-4dda-8e5d-16ce7cf64fdf', 'status': 'ranked', 'output_summary_included': True, 'input_payload_included': False}
2026-04-12 11:27:12,289 INFO office_automation.orchestration Creating execution log | context={'user_email': 'triage-20-6bab40028fdd4a8da05f12d85aaf7b00@example.com', 'module': 'triage', 'status': 'created'}
2026-04-12 11:27:12,334 INFO office_automation.orchestration Execution log created | context={'request_id': '73b405b9-26d1-4253-9ab3-f2a2e47cee2f', 'module': 'triage'}
2026-04-12 11:27:12,335 INFO office_automation.orchestration Updating execution log | context={'request_id': '73b405b9-26d1-4253-9ab3-f2a2e47cee2f', 'status': 'triggering', 'output_summary_included': True, 'input_payload_included': False}
2026-04-12 11:27:12,388 INFO office_automation.orchestration Calling external HTTP endpoint | context={'url': 'http://localhost:5678/webhook/execute-workflow', 'attempt': 1}
2026-04-12 11:27:12,491 INFO httpx HTTP Request: POST http://localhost:5678/webhook/execute-workflow "HTTP/1.1 200 OK"
2026-04-12 11:27:12,493 INFO office_automation.orchestration External HTTP call succeeded | context={'url': 'http://localhost:5678/webhook/execute-workflow', 'attempt': 1, 'status_code': 200}
2026-04-12 11:27:12,495 INFO office_automation.orchestration Updating execution log | context={'request_id': '73b405b9-26d1-4253-9ab3-f2a2e47cee2f', 'status': 'running', 'output_summary_included': True, 'input_payload_included': False}
2026-04-12 11:27:12,536 INFO office_automation.orchestration Updating execution log | context={'request_id': '73b405b9-26d1-4253-9ab3-f2a2e47cee2f', 'status': 'ranked', 'output_summary_included': True, 'input_payload_included': False}
2026-04-12 11:27:12,737 INFO office_automation.orchestration Creating execution log | context={'user_email': 'triage-20-a15713dabfb246d5a2c5c59bd69a8e2c@example.com', 'module': 'triage', 'status': 'created'}
2026-04-12 11:27:12,747 INFO office_automation.orchestration Execution log created | context={'request_id': 'ffc1feae-2512-4326-afa9-475c7f39e62b', 'module': 'triage'}
2026-04-12 11:27:12,748 INFO office_automation.orchestration Updating execution log | context={'request_id': 'ffc1feae-2512-4326-afa9-475c7f39e62b', 'status': 'triggering', 'output_summary_included': True, 'input_payload_included': False}
2026-04-12 11:27:12,805 INFO office_automation.orchestration Calling external HTTP endpoint | context={'url': 'http://localhost:5678/webhook/execute-workflow', 'attempt': 1}
2026-04-12 11:27:12,961 INFO httpx HTTP Request: POST http://localhost:5678/webhook/execute-workflow "HTTP/1.1 200 OK"
2026-04-12 11:27:12,963 INFO office_automation.orchestration External HTTP call succeeded | context={'url': 'http://localhost:5678/webhook/execute-workflow', 'attempt': 1, 'status_code': 200}
2026-04-12 11:27:12,964 INFO office_automation.orchestration Updating execution log | context={'request_id': 'ffc1feae-2512-4326-afa9-475c7f39e62b', 'status': 'running', 'output_summary_included': True, 'input_payload_included': False}
2026-04-12 11:27:13,003 INFO office_automation.orchestration Updating execution log | context={'request_id': 'ffc1feae-2512-4326-afa9-475c7f39e62b', 'status': 'ranked', 'output_summary_included': True, 'input_payload_included': False}
2026-04-12 11:27:13,226 INFO office_automation.orchestration Creating execution log | context={'user_email': 'triage-20-61812161f175451292e85fdaffb535eb@example.com', 'module': 'triage', 'status': 'created'}
2026-04-12 11:27:13,273 INFO office_automation.orchestration Execution log created | context={'request_id': '99375a69-ac79-400e-9861-b1dde42df2a7', 'module': 'triage'}
2026-04-12 11:27:13,274 INFO office_automation.orchestration Updating execution log | context={'request_id': '99375a69-ac79-400e-9861-b1dde42df2a7', 'status': 'triggering', 'output_summary_included': True, 'input_payload_included': False}
2026-04-12 11:27:13,330 INFO office_automation.orchestration Calling external HTTP endpoint | context={'url': 'http://localhost:5678/webhook/execute-workflow', 'attempt': 1}
2026-04-12 11:27:13,453 INFO httpx HTTP Request: POST http://localhost:5678/webhook/execute-workflow "HTTP/1.1 200 OK"
2026-04-12 11:27:13,456 INFO office_automation.orchestration External HTTP call succeeded | context={'url': 'http://localhost:5678/webhook/execute-workflow', 'attempt': 1, 'status_code': 200}
2026-04-12 11:27:13,458 INFO office_automation.orchestration Updating execution log | context={'request_id': '99375a69-ac79-400e-9861-b1dde42df2a7', 'status': 'running', 'output_summary_included': True, 'input_payload_included': False}
2026-04-12 11:27:13,522 INFO office_automation.orchestration Updating execution log | context={'request_id': '99375a69-ac79-400e-9861-b1dde42df2a7', 'status': 'ranked', 'output_summary_included': True, 'input_payload_included': False}
2026-04-12 11:27:13,715 INFO office_automation.orchestration Creating execution log | context={'user_email': 'triage-20-9a3a8900b2684833a5fc6401809cdc9f@example.com', 'module': 'triage', 'status': 'created'}
2026-04-12 11:27:13,800 INFO office_automation.orchestration Execution log created | context={'request_id': 'cc8928f7-8f3a-45c0-8d2d-40b0c0b5cf3f', 'module': 'triage'}
2026-04-12 11:27:13,801 INFO office_automation.orchestration Updating execution log | context={'request_id': 'cc8928f7-8f3a-45c0-8d2d-40b0c0b5cf3f', 'status': 'triggering', 'output_summary_included': True, 'input_payload_included': False}
2026-04-12 11:27:13,860 INFO office_automation.orchestration Calling external HTTP endpoint | context={'url': 'http://localhost:5678/webhook/execute-workflow', 'attempt': 1}
2026-04-12 11:27:14,029 INFO httpx HTTP Request: POST http://localhost:5678/webhook/execute-workflow "HTTP/1.1 200 OK"
2026-04-12 11:27:14,031 INFO office_automation.orchestration External HTTP call succeeded | context={'url': 'http://localhost:5678/webhook/execute-workflow', 'attempt': 1, 'status_code': 200}
2026-04-12 11:27:14,034 INFO office_automation.orchestration Updating execution log | context={'request_id': 'cc8928f7-8f3a-45c0-8d2d-40b0c0b5cf3f', 'status': 'running', 'output_summary_included': True, 'input_payload_included': False}
2026-04-12 11:27:14,092 INFO office_automation.orchestration Updating execution log | context={'request_id': 'cc8928f7-8f3a-45c0-8d2d-40b0c0b5cf3f', 'status': 'ranked', 'output_summary_included': True, 'input_payload_included': False}
2026-04-12 11:27:14,281 INFO office_automation.orchestration Creating execution log | context={'user_email': 'triage-20-82b6d0e6ad6944deb7ee01bb51c93df2@example.com', 'module': 'triage', 'status': 'created'}
2026-04-12 11:27:14,294 INFO office_automation.orchestration Execution log created | context={'request_id': 'a2b6ee2c-9d45-49e7-a740-89bc42de005e', 'module': 'triage'}
2026-04-12 11:27:14,295 INFO office_automation.orchestration Updating execution log | context={'request_id': 'a2b6ee2c-9d45-49e7-a740-89bc42de005e', 'status': 'triggering', 'output_summary_included': True, 'input_payload_included': False}
2026-04-12 11:27:14,360 INFO office_automation.orchestration Calling external HTTP endpoint | context={'url': 'http://localhost:5678/webhook/execute-workflow', 'attempt': 1}
2026-04-12 11:27:14,470 INFO httpx HTTP Request: POST http://localhost:5678/webhook/execute-workflow "HTTP/1.1 200 OK"
2026-04-12 11:27:14,471 INFO office_automation.orchestration External HTTP call succeeded | context={'url': 'http://localhost:5678/webhook/execute-workflow', 'attempt': 1, 'status_code': 200}
2026-04-12 11:27:14,473 INFO office_automation.orchestration Updating execution log | context={'request_id': 'a2b6ee2c-9d45-49e7-a740-89bc42de005e', 'status': 'running', 'output_summary_included': True, 'input_payload_included': False}
2026-04-12 11:27:14,519 INFO office_automation.orchestration Updating execution log | context={'request_id': 'a2b6ee2c-9d45-49e7-a740-89bc42de005e', 'status': 'ranked', 'output_summary_included': True, 'input_payload_included': False}
2026-04-12 11:27:14,721 INFO office_automation.orchestration Creating execution log | context={'user_email': 'triage-20-b47998841a864b66af174f5f6ba21690@example.com', 'module': 'triage', 'status': 'created'}
2026-04-12 11:27:14,737 INFO office_automation.orchestration Execution log created | context={'request_id': '8a8c970c-f14e-4ec6-b2a6-a09d9c943f77', 'module': 'triage'}
2026-04-12 11:27:14,738 INFO office_automation.orchestration Updating execution log | context={'request_id': '8a8c970c-f14e-4ec6-b2a6-a09d9c943f77', 'status': 'triggering', 'output_summary_included': True, 'input_payload_included': False}
2026-04-12 11:27:14,799 INFO office_automation.orchestration Calling external HTTP endpoint | context={'url': 'http://localhost:5678/webhook/execute-workflow', 'attempt': 1}
2026-04-12 11:27:14,973 INFO httpx HTTP Request: POST http://localhost:5678/webhook/execute-workflow "HTTP/1.1 200 OK"
2026-04-12 11:27:14,975 INFO office_automation.orchestration External HTTP call succeeded | context={'url': 'http://localhost:5678/webhook/execute-workflow', 'attempt': 1, 'status_code': 200}
2026-04-12 11:27:14,977 INFO office_automation.orchestration Updating execution log | context={'request_id': '8a8c970c-f14e-4ec6-b2a6-a09d9c943f77', 'status': 'running', 'output_summary_included': True, 'input_payload_included': False}
2026-04-12 11:27:15,064 INFO office_automation.orchestration Updating execution log | context={'request_id': '8a8c970c-f14e-4ec6-b2a6-a09d9c943f77', 'status': 'ranked', 'output_summary_included': True, 'input_payload_included': False}
2026-04-12 11:27:15,291 INFO office_automation.orchestration Creating execution log | context={'user_email': 'triage-20-51cda1dc2fb44624a62784c086cea293@example.com', 'module': 'triage', 'status': 'created'}
2026-04-12 11:27:15,335 INFO office_automation.orchestration Execution log created | context={'request_id': '7b0ed94b-140f-4166-b823-80a559fef6f7', 'module': 'triage'}
2026-04-12 11:27:15,336 INFO office_automation.orchestration Updating execution log | context={'request_id': '7b0ed94b-140f-4166-b823-80a559fef6f7', 'status': 'triggering', 'output_summary_included': True, 'input_payload_included': False}
2026-04-12 11:27:15,389 INFO office_automation.orchestration Calling external HTTP endpoint | context={'url': 'http://localhost:5678/webhook/execute-workflow', 'attempt': 1}
2026-04-12 11:27:15,562 INFO httpx HTTP Request: POST http://localhost:5678/webhook/execute-workflow "HTTP/1.1 200 OK"
2026-04-12 11:27:15,563 INFO office_automation.orchestration External HTTP call succeeded | context={'url': 'http://localhost:5678/webhook/execute-workflow', 'attempt': 1, 'status_code': 200}
2026-04-12 11:27:15,565 INFO office_automation.orchestration Updating execution log | context={'request_id': '7b0ed94b-140f-4166-b823-80a559fef6f7', 'status': 'running', 'output_summary_included': True, 'input_payload_included': False}
2026-04-12 11:27:15,620 INFO office_automation.orchestration Updating execution log | context={'request_id': '7b0ed94b-140f-4166-b823-80a559fef6f7', 'status': 'ranked', 'output_summary_included': True, 'input_payload_included': False}
2026-04-12 11:27:49,858 INFO office_automation.orchestration Creating execution log | context={'user_email': 'triage-run-648a3585c68446bd8c245f199107d48d@example.com', 'module': 'triage', 'status': 'created'}
2026-04-12 11:27:49,869 INFO office_automation.orchestration Execution log created | context={'request_id': 'd6ea1538-517d-4ea8-b766-6ff273f9ebe9', 'module': 'triage'}
2026-04-12 11:27:49,869 INFO office_automation.orchestration Updating execution log | context={'request_id': 'd6ea1538-517d-4ea8-b766-6ff273f9ebe9', 'status': 'triggering', 'output_summary_included': True, 'input_payload_included': False}
2026-04-12 11:27:49,926 INFO office_automation.orchestration Calling external HTTP endpoint | context={'url': 'http://localhost:5678/webhook/execute-workflow', 'attempt': 1}
2026-04-12 11:27:50,026 INFO httpx HTTP Request: POST http://localhost:5678/webhook/execute-workflow "HTTP/1.1 200 OK"
2026-04-12 11:27:50,027 INFO office_automation.orchestration External HTTP call succeeded | context={'url': 'http://localhost:5678/webhook/execute-workflow', 'attempt': 1, 'status_code': 200}
2026-04-12 11:27:50,029 INFO office_automation.orchestration Updating execution log | context={'request_id': 'd6ea1538-517d-4ea8-b766-6ff273f9ebe9', 'status': 'running', 'output_summary_included': True, 'input_payload_included': False}
2026-04-12 11:27:50,071 INFO office_automation.orchestration Updating execution log | context={'request_id': 'd6ea1538-517d-4ea8-b766-6ff273f9ebe9', 'status': 'ranked', 'output_summary_included': True, 'input_payload_included': False}
2026-04-12 11:27:50,109 INFO office_automation.orchestration Fetching n8n executions | context={'url': 'http://localhost:5678/rest/executions', 'request_id': 'd6ea1538-517d-4ea8-b766-6ff273f9ebe9', 'headers': ['X-N8N-API-KEY']}
2026-04-12 11:27:50,210 INFO httpx HTTP Request: GET http://localhost:5678/rest/executions "HTTP/1.1 401 Unauthorized"
2026-04-12 11:27:50,214 ERROR office_automation.orchestration Failed to fetch n8n executions | context={'request_id': 'd6ea1538-517d-4ea8-b766-6ff273f9ebe9'}
Traceback (most recent call last):
  File "C:\Users\danis\Office_automation\routers\internal.py", line 312, in get_n8n_execution
    return await get_n8n_executions_for_request(request_id)
           ^^^^^^^^^^^^^^^^^^^^^^^^^^^^^^^^^^^^^^^^^^^^^^^^
  File "C:\Users\danis\Office_automation\orchestration.py", line 211, in get_n8n_executions_for_request
    response.raise_for_status()
    ~~~~~~~~~~~~~~~~~~~~~~~~~^^
  File "C:\Users\danis\Office_automation\.venv\Lib\site-packages\httpx\_models.py", line 829, in raise_for_status
    raise HTTPStatusError(message, request=request, response=self)
httpx.HTTPStatusError: Client error '401 Unauthorized' for url 'http://localhost:5678/rest/executions'
For more information check: https://developer.mozilla.org/en-US/docs/Web/HTTP/Status/401
